<?xml version="1.0" encoding="UTF-8"?>
<!-- Generated by org.testng.reporters.JUnitReportReporter -->
<testsuite hostname="Yugamanis-MacBook-Pro.local" failures="0" tests="2" name="testCases.TC002_LoginTest" time="3.879" errors="0" timestamp="2024-11-25T15:34:47 IST" skipped="0">
  <testcase classname="testCases.TC002_LoginTest" name="verify_login" time="1.942"/>
  <testcase classname="testCases.TC002_LoginTest" name="verify_login" time="1.937"/>
</testsuite> <!-- testCases.TC002_LoginTest -->
