<?xml version="1.0" encoding="UTF-8"?>
<!-- Generated by org.testng.reporters.JUnitReportReporter -->
<testsuite hostname="Yugamanis-MacBook-Pro.local" failures="0" tests="2" name="testCases.TC001_AccountRegisterationTest" time="5.715" errors="0" timestamp="2024-11-25T15:34:47 IST" skipped="0">
  <testcase classname="testCases.TC001_AccountRegisterationTest" name="verify_account_registeration" time="2.824"/>
  <testcase classname="testCases.TC001_AccountRegisterationTest" name="verify_account_registeration" time="2.891"/>
</testsuite> <!-- testCases.TC001_AccountRegisterationTest -->
