<?xml version="1.0" encoding="UTF-8"?>
<!-- Generated by org.testng.reporters.JUnitReportReporter -->
<testsuite hostname="Yugamanis-MacBook-Pro.local" failures="0" tests="1" name="testCases.TC001_AccountRegisterationTest" time="2.101" errors="0" timestamp="2024-11-26T14:55:52 IST" skipped="0">
  <testcase classname="testCases.TC001_AccountRegisterationTest" name="verify_account_registeration" time="2.101"/>
</testsuite> <!-- testCases.TC001_AccountRegisterationTest -->
